<?xml version="1.0" encoding="UTF-8"?>
<testsuite xmlns:xsi="http://www.w3.org/2001/XMLSchema-instance" xsi:noNamespaceSchemaLocation="https://maven.apache.org/surefire/maven-surefire-plugin/xsd/surefire-test-report.xsd" version="3.0.2" name="org.jwj.chat.ChatApplicationTests" time="1.481" tests="1" errors="0" skipped="0" failures="0">
  <properties>
    <property name="java.specification.version" value="17"/>
    <property name="sun.cpu.isalist" value="amd64"/>
    <property name="sun.jnu.encoding" value="GBK"/>
    <property name="java.class.path" value="D:\Code\Java\Projects\danmu-yun\chat\target\test-classes;D:\Code\Java\Projects\danmu-yun\chat\target\classes;D:\apache-maven-3.6.3\repository\org\springframework\boot\spring-boot-starter\3.4.4\spring-boot-starter-3.4.4.jar;D:\apache-maven-3.6.3\repository\org\springframework\boot\spring-boot\3.4.4\spring-boot-3.4.4.jar;D:\apache-maven-3.6.3\repository\org\springframework\spring-context\6.2.5\spring-context-6.2.5.jar;D:\apache-maven-3.6.3\repository\org\springframework\spring-aop\6.2.5\spring-aop-6.2.5.jar;D:\apache-maven-3.6.3\repository\org\springframework\spring-beans\6.2.5\spring-beans-6.2.5.jar;D:\apache-maven-3.6.3\repository\org\springframework\spring-expression\6.2.5\spring-expression-6.2.5.jar;D:\apache-maven-3.6.3\repository\io\micrometer\micrometer-observation\1.14.5\micrometer-observation-1.14.5.jar;D:\apache-maven-3.6.3\repository\io\micrometer\micrometer-commons\1.14.5\micrometer-commons-1.14.5.jar;D:\apache-maven-3.6.3\repository\org\springframework\boot\spring-boot-autoconfigure\3.4.4\spring-boot-autoconfigure-3.4.4.jar;D:\apache-maven-3.6.3\repository\org\springframework\boot\spring-boot-starter-logging\3.4.4\spring-boot-starter-logging-3.4.4.jar;D:\apache-maven-3.6.3\repository\ch\qos\logback\logback-classic\1.5.18\logback-classic-1.5.18.jar;D:\apache-maven-3.6.3\repository\ch\qos\logback\logback-core\1.5.18\logback-core-1.5.18.jar;D:\apache-maven-3.6.3\repository\org\apache\logging\log4j\log4j-to-slf4j\2.24.3\log4j-to-slf4j-2.24.3.jar;D:\apache-maven-3.6.3\repository\org\apache\logging\log4j\log4j-api\2.24.3\log4j-api-2.24.3.jar;D:\apache-maven-3.6.3\repository\org\slf4j\jul-to-slf4j\2.0.17\jul-to-slf4j-2.0.17.jar;D:\apache-maven-3.6.3\repository\jakarta\annotation\jakarta.annotation-api\2.1.1\jakarta.annotation-api-2.1.1.jar;D:\apache-maven-3.6.3\repository\org\springframework\spring-core\6.2.5\spring-core-6.2.5.jar;D:\apache-maven-3.6.3\repository\org\springframework\spring-jcl\6.2.5\spring-jcl-6.2.5.jar;D:\apache-maven-3.6.3\repository\org\yaml\snakeyaml\2.3\snakeyaml-2.3.jar;D:\apache-maven-3.6.3\repository\org\springframework\boot\spring-boot-starter-test\3.4.4\spring-boot-starter-test-3.4.4.jar;D:\apache-maven-3.6.3\repository\org\springframework\boot\spring-boot-test\3.4.4\spring-boot-test-3.4.4.jar;D:\apache-maven-3.6.3\repository\org\springframework\boot\spring-boot-test-autoconfigure\3.4.4\spring-boot-test-autoconfigure-3.4.4.jar;D:\apache-maven-3.6.3\repository\com\jayway\jsonpath\json-path\2.9.0\json-path-2.9.0.jar;D:\apache-maven-3.6.3\repository\org\slf4j\slf4j-api\2.0.17\slf4j-api-2.0.17.jar;D:\apache-maven-3.6.3\repository\jakarta\xml\bind\jakarta.xml.bind-api\4.0.2\jakarta.xml.bind-api-4.0.2.jar;D:\apache-maven-3.6.3\repository\jakarta\activation\jakarta.activation-api\2.1.3\jakarta.activation-api-2.1.3.jar;D:\apache-maven-3.6.3\repository\net\minidev\json-smart\2.5.2\json-smart-2.5.2.jar;D:\apache-maven-3.6.3\repository\net\minidev\accessors-smart\2.5.2\accessors-smart-2.5.2.jar;D:\apache-maven-3.6.3\repository\org\ow2\asm\asm\9.7.1\asm-9.7.1.jar;D:\apache-maven-3.6.3\repository\org\assertj\assertj-core\3.26.3\assertj-core-3.26.3.jar;D:\apache-maven-3.6.3\repository\net\bytebuddy\byte-buddy\1.15.11\byte-buddy-1.15.11.jar;D:\apache-maven-3.6.3\repository\org\awaitility\awaitility\4.2.2\awaitility-4.2.2.jar;D:\apache-maven-3.6.3\repository\org\hamcrest\hamcrest\2.2\hamcrest-2.2.jar;D:\apache-maven-3.6.3\repository\org\junit\jupiter\junit-jupiter\5.11.4\junit-jupiter-5.11.4.jar;D:\apache-maven-3.6.3\repository\org\junit\jupiter\junit-jupiter-api\5.11.4\junit-jupiter-api-5.11.4.jar;D:\apache-maven-3.6.3\repository\org\opentest4j\opentest4j\1.3.0\opentest4j-1.3.0.jar;D:\apache-maven-3.6.3\repository\org\junit\platform\junit-platform-commons\1.11.4\junit-platform-commons-1.11.4.jar;D:\apache-maven-3.6.3\repository\org\apiguardian\apiguardian-api\1.1.2\apiguardian-api-1.1.2.jar;D:\apache-maven-3.6.3\repository\org\junit\jupiter\junit-jupiter-params\5.11.4\junit-jupiter-params-5.11.4.jar;D:\apache-maven-3.6.3\repository\org\junit\jupiter\junit-jupiter-engine\5.11.4\junit-jupiter-engine-5.11.4.jar;D:\apache-maven-3.6.3\repository\org\junit\platform\junit-platform-engine\1.11.4\junit-platform-engine-1.11.4.jar;D:\apache-maven-3.6.3\repository\org\mockito\mockito-core\5.14.2\mockito-core-5.14.2.jar;D:\apache-maven-3.6.3\repository\net\bytebuddy\byte-buddy-agent\1.15.11\byte-buddy-agent-1.15.11.jar;D:\apache-maven-3.6.3\repository\org\objenesis\objenesis\3.3\objenesis-3.3.jar;D:\apache-maven-3.6.3\repository\org\mockito\mockito-junit-jupiter\5.14.2\mockito-junit-jupiter-5.14.2.jar;D:\apache-maven-3.6.3\repository\org\skyscreamer\jsonassert\1.5.3\jsonassert-1.5.3.jar;D:\apache-maven-3.6.3\repository\com\vaadin\external\google\android-json\0.0.20131108.vaadin1\android-json-0.0.20131108.vaadin1.jar;D:\apache-maven-3.6.3\repository\org\springframework\spring-test\6.2.5\spring-test-6.2.5.jar;D:\apache-maven-3.6.3\repository\org\xmlunit\xmlunit-core\2.10.0\xmlunit-core-2.10.0.jar;"/>
    <property name="java.vm.vendor" value="Oracle Corporation"/>
    <property name="sun.arch.data.model" value="64"/>
    <property name="user.variant" value=""/>
    <property name="java.vendor.url" value="https://java.oracle.com/"/>
    <property name="user.timezone" value="Asia/Shanghai"/>
    <property name="os.name" value="Windows 11"/>
    <property name="java.vm.specification.version" value="17"/>
    <property name="APPLICATION_NAME" value="chat"/>
    <property name="sun.java.launcher" value="SUN_STANDARD"/>
    <property name="user.country" value="CN"/>
    <property name="sun.boot.library.path" value="D:\Code\Java\Jdk17\jdk-17.0.12\bin"/>
    <property name="sun.java.command" value="C:\Users\jwj44\AppData\Local\Temp\surefire1462833208467486513\surefirebooter-20250327213809456_19.jar C:\Users\jwj44\AppData\Local\Temp\surefire1462833208467486513 2025-03-27T21-37-58_086-jvmRun1 surefire-20250327213809456_17tmp surefire_4-20250327213809456_18tmp"/>
    <property name="jdk.debug" value="release"/>
    <property name="surefire.test.class.path" value="D:\Code\Java\Projects\danmu-yun\chat\target\test-classes;D:\Code\Java\Projects\danmu-yun\chat\target\classes;D:\apache-maven-3.6.3\repository\org\springframework\boot\spring-boot-starter\3.4.4\spring-boot-starter-3.4.4.jar;D:\apache-maven-3.6.3\repository\org\springframework\boot\spring-boot\3.4.4\spring-boot-3.4.4.jar;D:\apache-maven-3.6.3\repository\org\springframework\spring-context\6.2.5\spring-context-6.2.5.jar;D:\apache-maven-3.6.3\repository\org\springframework\spring-aop\6.2.5\spring-aop-6.2.5.jar;D:\apache-maven-3.6.3\repository\org\springframework\spring-beans\6.2.5\spring-beans-6.2.5.jar;D:\apache-maven-3.6.3\repository\org\springframework\spring-expression\6.2.5\spring-expression-6.2.5.jar;D:\apache-maven-3.6.3\repository\io\micrometer\micrometer-observation\1.14.5\micrometer-observation-1.14.5.jar;D:\apache-maven-3.6.3\repository\io\micrometer\micrometer-commons\1.14.5\micrometer-commons-1.14.5.jar;D:\apache-maven-3.6.3\repository\org\springframework\boot\spring-boot-autoconfigure\3.4.4\spring-boot-autoconfigure-3.4.4.jar;D:\apache-maven-3.6.3\repository\org\springframework\boot\spring-boot-starter-logging\3.4.4\spring-boot-starter-logging-3.4.4.jar;D:\apache-maven-3.6.3\repository\ch\qos\logback\logback-classic\1.5.18\logback-classic-1.5.18.jar;D:\apache-maven-3.6.3\repository\ch\qos\logback\logback-core\1.5.18\logback-core-1.5.18.jar;D:\apache-maven-3.6.3\repository\org\apache\logging\log4j\log4j-to-slf4j\2.24.3\log4j-to-slf4j-2.24.3.jar;D:\apache-maven-3.6.3\repository\org\apache\logging\log4j\log4j-api\2.24.3\log4j-api-2.24.3.jar;D:\apache-maven-3.6.3\repository\org\slf4j\jul-to-slf4j\2.0.17\jul-to-slf4j-2.0.17.jar;D:\apache-maven-3.6.3\repository\jakarta\annotation\jakarta.annotation-api\2.1.1\jakarta.annotation-api-2.1.1.jar;D:\apache-maven-3.6.3\repository\org\springframework\spring-core\6.2.5\spring-core-6.2.5.jar;D:\apache-maven-3.6.3\repository\org\springframework\spring-jcl\6.2.5\spring-jcl-6.2.5.jar;D:\apache-maven-3.6.3\repository\org\yaml\snakeyaml\2.3\snakeyaml-2.3.jar;D:\apache-maven-3.6.3\repository\org\springframework\boot\spring-boot-starter-test\3.4.4\spring-boot-starter-test-3.4.4.jar;D:\apache-maven-3.6.3\repository\org\springframework\boot\spring-boot-test\3.4.4\spring-boot-test-3.4.4.jar;D:\apache-maven-3.6.3\repository\org\springframework\boot\spring-boot-test-autoconfigure\3.4.4\spring-boot-test-autoconfigure-3.4.4.jar;D:\apache-maven-3.6.3\repository\com\jayway\jsonpath\json-path\2.9.0\json-path-2.9.0.jar;D:\apache-maven-3.6.3\repository\org\slf4j\slf4j-api\2.0.17\slf4j-api-2.0.17.jar;D:\apache-maven-3.6.3\repository\jakarta\xml\bind\jakarta.xml.bind-api\4.0.2\jakarta.xml.bind-api-4.0.2.jar;D:\apache-maven-3.6.3\repository\jakarta\activation\jakarta.activation-api\2.1.3\jakarta.activation-api-2.1.3.jar;D:\apache-maven-3.6.3\repository\net\minidev\json-smart\2.5.2\json-smart-2.5.2.jar;D:\apache-maven-3.6.3\repository\net\minidev\accessors-smart\2.5.2\accessors-smart-2.5.2.jar;D:\apache-maven-3.6.3\repository\org\ow2\asm\asm\9.7.1\asm-9.7.1.jar;D:\apache-maven-3.6.3\repository\org\assertj\assertj-core\3.26.3\assertj-core-3.26.3.jar;D:\apache-maven-3.6.3\repository\net\bytebuddy\byte-buddy\1.15.11\byte-buddy-1.15.11.jar;D:\apache-maven-3.6.3\repository\org\awaitility\awaitility\4.2.2\awaitility-4.2.2.jar;D:\apache-maven-3.6.3\repository\org\hamcrest\hamcrest\2.2\hamcrest-2.2.jar;D:\apache-maven-3.6.3\repository\org\junit\jupiter\junit-jupiter\5.11.4\junit-jupiter-5.11.4.jar;D:\apache-maven-3.6.3\repository\org\junit\jupiter\junit-jupiter-api\5.11.4\junit-jupiter-api-5.11.4.jar;D:\apache-maven-3.6.3\repository\org\opentest4j\opentest4j\1.3.0\opentest4j-1.3.0.jar;D:\apache-maven-3.6.3\repository\org\junit\platform\junit-platform-commons\1.11.4\junit-platform-commons-1.11.4.jar;D:\apache-maven-3.6.3\repository\org\apiguardian\apiguardian-api\1.1.2\apiguardian-api-1.1.2.jar;D:\apache-maven-3.6.3\repository\org\junit\jupiter\junit-jupiter-params\5.11.4\junit-jupiter-params-5.11.4.jar;D:\apache-maven-3.6.3\repository\org\junit\jupiter\junit-jupiter-engine\5.11.4\junit-jupiter-engine-5.11.4.jar;D:\apache-maven-3.6.3\repository\org\junit\platform\junit-platform-engine\1.11.4\junit-platform-engine-1.11.4.jar;D:\apache-maven-3.6.3\repository\org\mockito\mockito-core\5.14.2\mockito-core-5.14.2.jar;D:\apache-maven-3.6.3\repository\net\bytebuddy\byte-buddy-agent\1.15.11\byte-buddy-agent-1.15.11.jar;D:\apache-maven-3.6.3\repository\org\objenesis\objenesis\3.3\objenesis-3.3.jar;D:\apache-maven-3.6.3\repository\org\mockito\mockito-junit-jupiter\5.14.2\mockito-junit-jupiter-5.14.2.jar;D:\apache-maven-3.6.3\repository\org\skyscreamer\jsonassert\1.5.3\jsonassert-1.5.3.jar;D:\apache-maven-3.6.3\repository\com\vaadin\external\google\android-json\0.0.20131108.vaadin1\android-json-0.0.20131108.vaadin1.jar;D:\apache-maven-3.6.3\repository\org\springframework\spring-test\6.2.5\spring-test-6.2.5.jar;D:\apache-maven-3.6.3\repository\org\xmlunit\xmlunit-core\2.10.0\xmlunit-core-2.10.0.jar;"/>
    <property name="sun.cpu.endian" value="little"/>
    <property name="user.home" value="C:\Users\jwj44"/>
    <property name="user.language" value="zh"/>
    <property name="java.specification.vendor" value="Oracle Corporation"/>
    <property name="java.version.date" value="2024-07-16"/>
    <property name="java.home" value="D:\Code\Java\Jdk17\jdk-17.0.12"/>
    <property name="file.separator" value="\"/>
    <property name="basedir" value="D:\Code\Java\Projects\danmu-yun\chat"/>
    <property name="java.vm.compressedOopsMode" value="Zero based"/>
    <property name="line.separator" value="&#10;"/>
    <property name="java.vm.specification.vendor" value="Oracle Corporation"/>
    <property name="java.specification.name" value="Java Platform API Specification"/>
    <property name="FILE_LOG_CHARSET" value="GBK"/>
    <property name="java.awt.headless" value="true"/>
    <property name="surefire.real.class.path" value="C:\Users\jwj44\AppData\Local\Temp\surefire1462833208467486513\surefirebooter-20250327213809456_19.jar"/>
    <property name="user.script" value=""/>
    <property name="sun.management.compiler" value="HotSpot 64-Bit Tiered Compilers"/>
    <property name="java.runtime.version" value="17.0.12+8-LTS-286"/>
    <property name="user.name" value="jwj44"/>
    <property name="path.separator" value=";"/>
    <property name="os.version" value="10.0"/>
    <property name="java.runtime.name" value="Java(TM) SE Runtime Environment"/>
    <property name="file.encoding" value="GBK"/>
    <property name="java.vm.name" value="Java HotSpot(TM) 64-Bit Server VM"/>
    <property name="localRepository" value="D:\apache-maven-3.6.3\repository"/>
    <property name="java.vendor.url.bug" value="https://bugreport.java.com/bugreport/"/>
    <property name="java.io.tmpdir" value="C:\Users\jwj44\AppData\Local\Temp\"/>
    <property name="idea.version" value="2023.2.1"/>
    <property name="java.version" value="17.0.12"/>
    <property name="user.dir" value="D:\Code\Java\Projects\danmu-yun\chat"/>
    <property name="os.arch" value="amd64"/>
    <property name="java.vm.specification.name" value="Java Virtual Machine Specification"/>
    <property name="PID" value="7672"/>
    <property name="sun.os.patch.level" value=""/>
    <property name="CONSOLE_LOG_CHARSET" value="GBK"/>
    <property name="native.encoding" value="GBK"/>
    <property name="java.library.path" value="D:\Code\Java\Jdk17\jdk-17.0.12\bin;C:\WINDOWS\Sun\Java\bin;C:\WINDOWS\system32;C:\WINDOWS;D:\Anaconda3\condabin;C:\Program Files\NVIDIA GPU Computing Toolkit\CUDA\v12.2\bin;C:\Program Files\NVIDIA GPU Computing Toolkit\CUDA\v12.2\libnvvp;D:\VMware\bin\;C:\Windows\system32;C:\Windows;C:\Windows\System32\Wbem;C:\Windows\System32\WindowsPowerShell\v1.0\;C:\Windows\System32\OpenSSH\;C:\Program Files (x86)\NVIDIA Corporation\PhysX\Common;C:\WINDOWS\system32;C:\WINDOWS;C:\WINDOWS\System32\Wbem;C:\WINDOWS\System32\WindowsPowerShell\v1.0\;C:\WINDOWS\System32\OpenSSH\;C:\Program Files\dotnet\;c:\Program Files (x86)\Microsoft SQL Server\100\Tools\Binn\;c:\Program Files\Microsoft SQL Server\100\Tools\Binn\;c:\Program Files\Microsoft SQL Server\100\DTS\Binn\;C:\WINDOWS\system32;C:\WINDOWS;C:\WINDOWS\System32\Wbem;C:\WINDOWS\System32\WindowsPowerShell\v1.0\;C:\WINDOWS\System32\OpenSSH\;D:\mingw64\bin;D:\NetSarang\Xshell 7\;D:\NetSarang\Xftp 7\;C:\Program Files\Docker\Docker\resources\bin;D:\platform-tools;D:\apache-hadoop-3.1.1-winutils-master\bin;C:\Program Files\NVIDIA Corporation\Nsight Compute 2023.2.0\;C:\Program Files\NVIDIA Corporation\NVIDIA NvDLISR;C:\Program Files\nodejs\;C:\Program Files\Git\cmd;D:\xshell\;D:\xftp\;C:\Program Files\MySQL\MySQL Shell 8.0\bin\;C:\Users\jwj44\AppData\Local\Microsoft\WindowsApps;C:\WINDOWS\system32;D:\Anaconda3;D:\Anaconda3\Scripts;D:\Anaconda3\Library\bin;D:\工具\学习相关\Microsoft VS Code\bin;C:\Program Files\JetBrains\IntelliJ IDEA Community Edition 2023.2.1\bin;;C:\Program Files\JetBrains\IntelliJ IDEA 2023.2.1\bin;;D:\Code\Java\Jdk17\jdk-17.0.12\bin;D:\Code\Java\Jdk17\jdk-17.0.12\lib;D:\qt\cmake-3.29.2-windows-x86_64\bin;D:\qt\pl\c\bin;D:\qt\pl\perl\site\bin;D:\qt\pl\perl\bin;D:\qt\ninja;C:\Program Files\NVIDIA GPU Computing Toolkit\CUDA\v12.2\bin;C:\Program Files\nodejs\node_global;C:\Users\jwj44\AppData\Local\GitHubDesktop\bin;C:\Program Files\nodejs;C:\Program Files\nodejs\node_global;C:\Program Files\nodejs\node_cache;C:\Users\jwj44\AppData\Local\Programs\cursor\resources\app\bin;D:\Windsurf\bin;;."/>
    <property name="java.vm.info" value="mixed mode, sharing"/>
    <property name="java.vendor" value="Oracle Corporation"/>
    <property name="java.vm.version" value="17.0.12+8-LTS-286"/>
    <property name="sun.io.unicode.encoding" value="UnicodeLittle"/>
    <property name="java.class.version" value="61.0"/>
    <property name="LOGGED_APPLICATION_NAME" value="[chat] "/>
  </properties>
  <testcase name="contextLoads" classname="org.jwj.chat.ChatApplicationTests" time="0.634">
    <system-out><![CDATA[21:38:10.016 [main] INFO org.springframework.test.context.support.AnnotationConfigContextLoaderUtils -- Could not detect default configuration classes for test class [org.jwj.chat.ChatApplicationTests]: ChatApplicationTests does not declare any static, non-private, non-final, nested classes annotated with @Configuration.
21:38:10.104 [main] INFO org.springframework.boot.test.context.SpringBootTestContextBootstrapper -- Found @SpringBootConfiguration org.jwj.chat.ChatApplication for test class org.jwj.chat.ChatApplicationTests

  .   ____          _            __ _ _
 /\\ / ___'_ __ _ _(_)_ __  __ _ \ \ \ \
( ( )\___ | '_ | '_| | '_ \/ _` | \ \ \ \
 \\/  ___)| |_)| | | | | || (_| |  ) ) ) )
  '  |____| .__|_| |_|_| |_\__, | / / / /
 =========|_|==============|___/=/_/_/_/

 :: Spring Boot ::                (v3.4.4)

2025-03-27T21:38:10.439+08:00  INFO 7672 --- [chat] [           main] org.jwj.chat.ChatApplicationTests        : Starting ChatApplicationTests using Java 17.0.12 with PID 7672 (started by jwj44 in D:\Code\Java\Projects\danmu-yun\chat)
2025-03-27T21:38:10.440+08:00  INFO 7672 --- [chat] [           main] org.jwj.chat.ChatApplicationTests        : No active profile set, falling back to 1 default profile: "default"
2025-03-27T21:38:10.754+08:00  INFO 7672 --- [chat] [           main] org.jwj.chat.ChatApplicationTests        : Started ChatApplicationTests in 0.523 seconds (process running for 1.225)
]]></system-out>
  </testcase>
</testsuite>